<?xml version="1.0" encoding="UTF-8"?>
<!-- Generated by org.testng.reporters.JUnitReportReporter -->
<testsuite hostname="Saurabhs-MacBook-Pro.local" failures="0" tests="3" name="apiTestClasses.sign_up_New_Test_Lead" time="1.844" errors="0" timestamp="2024-06-26T12:49:17 IST" skipped="0">
  <testcase classname="apiTestClasses.sign_up_New_Test_Lead" name="verifySendOtp" time="0.463"/>
  <testcase classname="apiTestClasses.sign_up_New_Test_Lead" name="verifyOtp" time="0.298"/>
  <testcase classname="apiTestClasses.sign_up_New_Test_Lead" name="InsertFullNameAndEmail" time="1.083"/>
</testsuite> <!-- apiTestClasses.sign_up_New_Test_Lead -->
